<?xml version="1.0" encoding="UTF-8"?>
<!-- Generated by org.testng.reporters.JUnitReportReporter -->
<testsuite hostname="AM-C02C31ACMD6M" failures="0" tests="1" name="Login" time="0.006" errors="0" timestamp="2021-04-12T15:02:02 IST" skipped="0">
  <testcase classname="Login" name="f" time="0.006"/>
  <system-out/>
</testsuite> <!-- Login -->
