<?xml version="1.0" encoding="UTF-8"?>
<!-- Generated by org.testng.reporters.JUnitReportReporter -->
<testsuite hostname="AM-C02C31ACMD6M" failures="0" tests="6" name="TestModules.Login" time="130.495" errors="0" timestamp="2021-04-14T12:37:16 IST" skipped="0">
  <testcase classname="TestModules.Login" name="createNewAccount" time="29.445"/>
  <testcase classname="TestModules.Login" name="createNewAccount" time="29.456"/>
  <testcase classname="TestModules.Login" name="performDressCheckout" time="25.069"/>
  <testcase classname="TestModules.Login" name="performDressCheckout" time="24.016"/>
  <testcase classname="TestModules.Login" name="logout" time="11.429"/>
  <testcase classname="TestModules.Login" name="logout" time="11.080"/>
</testsuite> <!-- TestModules.Login -->
